Using pre-set license
Built from '2022.3/release' branch; Version is '2022.3.20f1 (61c2feb0970d) revision 6406910'; Using compiler version '192829333'; Build Type 'Release'
OS: 'Windows 11  (10.0.22631) 64bit Core' Language: 'ru' Physical Memory: 32602 MB
BatchMode: 1, IsHumanControllingUs: 0, StartBugReporterOnCrash: 0, Is64bit: 1, IsPro: 1

COMMAND LINE ARGUMENTS:
C:\Program Files\Unity\Hub\Editor\2022.3.20f1\Editor\Unity.exe
-adb2
-batchMode
-noUpm
-name
AssetImportWorker0
-projectPath
D:/Projects/UnityLessonShooter/My project
-logFile
Logs/AssetImportWorker0.log
-srvPort
49943
Successfully changed project path to: D:/Projects/UnityLessonShooter/My project
D:/Projects/UnityLessonShooter/My project
[UnityMemory] Configuration Parameters - Can be set up in boot.config
    "memorysetup-bucket-allocator-granularity=16"
    "memorysetup-bucket-allocator-bucket-count=8"
    "memorysetup-bucket-allocator-block-size=33554432"
    "memorysetup-bucket-allocator-block-count=8"
    "memorysetup-main-allocator-block-size=16777216"
    "memorysetup-thread-allocator-block-size=16777216"
    "memorysetup-gfx-main-allocator-block-size=16777216"
    "memorysetup-gfx-thread-allocator-block-size=16777216"
    "memorysetup-cache-allocator-block-size=4194304"
    "memorysetup-typetree-allocator-block-size=2097152"
    "memorysetup-profiler-bucket-allocator-granularity=16"
    "memorysetup-profiler-bucket-allocator-bucket-count=8"
    "memorysetup-profiler-bucket-allocator-block-size=33554432"
    "memorysetup-profiler-bucket-allocator-block-count=8"
    "memorysetup-profiler-allocator-block-size=16777216"
    "memorysetup-profiler-editor-allocator-block-size=1048576"
    "memorysetup-temp-allocator-size-main=16777216"
    "memorysetup-job-temp-allocator-block-size=2097152"
    "memorysetup-job-temp-allocator-block-size-background=1048576"
    "memorysetup-job-temp-allocator-reduction-small-platforms=262144"
    "memorysetup-allocator-temp-initial-block-size-main=262144"
    "memorysetup-allocator-temp-initial-block-size-worker=262144"
    "memorysetup-temp-allocator-size-background-worker=32768"
    "memorysetup-temp-allocator-size-job-worker=262144"
    "memorysetup-temp-allocator-size-preload-manager=33554432"
    "memorysetup-temp-allocator-size-nav-mesh-worker=65536"
    "memorysetup-temp-allocator-size-audio-worker=65536"
    "memorysetup-temp-allocator-size-cloud-worker=32768"
    "memorysetup-temp-allocator-size-gi-baking-worker=262144"
    "memorysetup-temp-allocator-size-gfx=262144"
Player connection [5216] Host "[IP] 192.168.3.16 [Port] 0 [Flags] 2 [Guid] 3654788028 [EditorId] 3654788028 [Version] 1048832 [Id] WindowsEditor(7,MaximKostinPC) [Debug] 1 [PackageName] WindowsEditor [ProjectName] Editor" joined multi-casting on [225.0.0.222:54997]...

Player connection [5216] Host "[IP] 192.168.3.16 [Port] 0 [Flags] 2 [Guid] 3654788028 [EditorId] 3654788028 [Version] 1048832 [Id] WindowsEditor(7,MaximKostinPC) [Debug] 1 [PackageName] WindowsEditor [ProjectName] Editor" joined alternative multi-casting on [225.0.0.222:34997]...

[Physics::Module] Initialized MultithreadedJobDispatcher with 11 workers.
Refreshing native plugins compatible for Editor in 1159.08 ms, found 3 plugins.
Preloading 0 native plugins for Editor in 0.00 ms.
Initialize engine version: 2022.3.20f1 (61c2feb0970d)
[Subsystems] Discovering subsystems at path C:/Program Files/Unity/Hub/Editor/2022.3.20f1/Editor/Data/Resources/UnitySubsystems
[Subsystems] Discovering subsystems at path D:/Projects/UnityLessonShooter/My project/Assets
GfxDevice: creating device client; threaded=0; jobified=0
Direct3D:
    Version:  Direct3D 11.0 [level 11.1]
    Renderer: AMD Radeon RX 7800 XT (ID=0x747e)
    Vendor:   ATI
    VRAM:     16171 MB
    Driver:   31.0.23013.1023
Initialize mono
Mono path[0] = 'C:/Program Files/Unity/Hub/Editor/2022.3.20f1/Editor/Data/Managed'
Mono path[1] = 'C:/Program Files/Unity/Hub/Editor/2022.3.20f1/Editor/Data/MonoBleedingEdge/lib/mono/unityjit-win32'
Mono config path = 'C:/Program Files/Unity/Hub/Editor/2022.3.20f1/Editor/Data/MonoBleedingEdge/etc'
Using monoOptions --debugger-agent=transport=dt_socket,embedding=1,server=y,suspend=n,address=127.0.0.1:56568
Begin MonoManager ReloadAssembly
Registering precompiled unity dll's ...
Register platform support module: C:/Program Files/Unity/Hub/Editor/2022.3.20f1/Editor/Data/PlaybackEngines/WindowsStandaloneSupport/UnityEditor.WindowsStandalone.Extensions.dll
Register platform support module: C:/Program Files/Unity/Hub/Editor/2022.3.20f1/Editor/Data/PlaybackEngines/MetroSupport/UnityEditor.UWP.Extensions.dll
Registered in 0.076035 seconds.
- Loaded All Assemblies, in  4.426 seconds
Native extension for UWP target not found
Native extension for WindowsStandalone target not found
Mono: successfully reloaded assembly
- Finished resetting the current domain, in  0.212 seconds
Domain Reload Profiling: 4637ms
	BeginReloadAssembly (3370ms)
		ExecutionOrderSort (0ms)
		DisableScriptedObjects (0ms)
		BackupInstance (0ms)
		ReleaseScriptingObjects (0ms)
		CreateAndSetChildDomain (1ms)
	RebuildCommonClasses (294ms)
	RebuildNativeTypeToScriptingClass (9ms)
	initialDomainReloadingComplete (120ms)
	LoadAllAssembliesAndSetupDomain (632ms)
		LoadAssemblies (3370ms)
		RebuildTransferFunctionScriptingTraits (0ms)
		AnalyzeDomain (629ms)
			TypeCache.Refresh (628ms)
				TypeCache.ScanAssembly (446ms)
			ScanForSourceGeneratedMonoScriptInfo (0ms)
			ResolveRequiredComponents (0ms)
	FinalizeReload (212ms)
		ReleaseScriptCaches (0ms)
		RebuildScriptCaches (0ms)
		SetupLoadedEditorAssemblies (168ms)
			LogAssemblyErrors (0ms)
			InitializePlatformSupportModulesInManaged (7ms)
			SetLoadedEditorAssemblies (4ms)
			RefreshPlugins (0ms)
			BeforeProcessingInitializeOnLoad (2ms)
			ProcessInitializeOnLoadAttributes (117ms)
			ProcessInitializeOnLoadMethodAttributes (38ms)
			AfterProcessingInitializeOnLoad (0ms)
			EditorAssembliesLoaded (0ms)
		ExecutionOrderSort2 (0ms)
		AwakeInstancesAfterBackupRestoration (0ms)
========================================================================
Worker process is ready to serve import requests
Begin MonoManager ReloadAssembly
- Loaded All Assemblies, in  3.750 seconds
Refreshing native plugins compatible for Editor in 1.13 ms, found 3 plugins.
Native extension for UWP target not found
Native extension for WindowsStandalone target not found
Package Manager log level set to [2]
[Package Manager] Server::EnsureServerProcessIsRunning -- launch failed, reason: Unity was launched with the -noUpm command-line argument
[Package Manager] UpmClient::Send -- Unable to send message (not connected to UPM process).
[Package Manager] Cannot connect to Unity Package Manager local server
Mono: successfully reloaded assembly
- Finished resetting the current domain, in  0.427 seconds
Domain Reload Profiling: 4177ms
	BeginReloadAssembly (115ms)
		ExecutionOrderSort (0ms)
		DisableScriptedObjects (5ms)
		BackupInstance (0ms)
		ReleaseScriptingObjects (0ms)
		CreateAndSetChildDomain (18ms)
	RebuildCommonClasses (25ms)
	RebuildNativeTypeToScriptingClass (8ms)
	initialDomainReloadingComplete (29ms)
	LoadAllAssembliesAndSetupDomain (3573ms)
		LoadAssemblies (3213ms)
		RebuildTransferFunctionScriptingTraits (0ms)
		AnalyzeDomain (424ms)
			TypeCache.Refresh (405ms)
				TypeCache.ScanAssembly (364ms)
			ScanForSourceGeneratedMonoScriptInfo (12ms)
			ResolveRequiredComponents (6ms)
	FinalizeReload (428ms)
		ReleaseScriptCaches (0ms)
		RebuildScriptCaches (0ms)
		SetupLoadedEditorAssemblies (316ms)
			LogAssemblyErrors (0ms)
			InitializePlatformSupportModulesInManaged (5ms)
			SetLoadedEditorAssemblies (2ms)
			RefreshPlugins (0ms)
			BeforeProcessingInitializeOnLoad (38ms)
			ProcessInitializeOnLoadAttributes (250ms)
			ProcessInitializeOnLoadMethodAttributes (17ms)
			AfterProcessingInitializeOnLoad (4ms)
			EditorAssembliesLoaded (0ms)
		ExecutionOrderSort2 (0ms)
		AwakeInstancesAfterBackupRestoration (6ms)
Launched and connected shader compiler UnityShaderCompiler.exe after 0.05 seconds
Refreshing native plugins compatible for Editor in 1.58 ms, found 3 plugins.
Preloading 0 native plugins for Editor in 0.00 ms.
Unloading 3092 Unused Serialized files (Serialized files now loaded: 0)
Unloading 32 unused Assets / (56.9 KB). Loaded Objects now: 3553.
Memory consumption went from 122.7 MB to 122.6 MB.
Total: 2.409500 ms (FindLiveObjects: 0.215300 ms CreateObjectMapping: 0.153200 ms MarkObjects: 1.957300 ms  DeleteObjects: 0.082900 ms)

AssetImportParameters requested are different than current active one (requested -> active):
  custom:container-demuxer-ogg: 62fdf1f143b41e24485cea50d1cbac27 -> 
  custom:video-codec-MediaFoundation-h265: 746d11721c4dcdbdad8f713fa42b33f4 -> 
  custom:video-decoder-ogg-theora: a1e56fd34408186e4bbccfd4996cb3dc -> 
  custom:framework-win-MediaFoundation: 216162199b28c13a410421893ffa2e32 -> 
  custom:CustomObjectIndexerAttribute: 6d391050e5a25f67b0a2c618074f2cd9 -> 
  custom:container-demuxer-webm: 4f35f7cbe854078d1ac9338744f61a02 -> 
  custom:container-muxer-webm: aa71ff27fc2769a1b78a27578f13a17b -> 
  custom:video-decoder-webm-vp8: 9c59270c3fd7afecdb556c50c9e8de78 -> 
  custom:SearchIndexIgnoredProperties: e643bd26f0fe6173181afceb89e7c659 -> 
  custom:AudioImporter_EditorPlatform: d09bf68614088b80899f8185d706f6e7 -> 
  custom:video-encoder-webm-vp8: eb34c28f22e8b96e1ab97ce403110664 -> 
  custom:audio-decoder-ogg-vorbis: bf7c407c2cedff20999df2af8eb42d56 -> 
  custom:audio-encoder-webm-vorbis: bf7c407c2cedff20999df2af8eb42d56 -> 
========================================================================
Received Import Request.
  Time since last request: 2748.575330 seconds.
  path: Assets/BrickLargeBare0032.png
  artifactKey: Guid(c203317f43b3c4140a2c7197dd6518cd) Importer(815301076,1909f56bfc062723c751e8b465ee728b)
Start importing Assets/BrickLargeBare0032.png using Guid(c203317f43b3c4140a2c7197dd6518cd) Importer(815301076,1909f56bfc062723c751e8b465ee728b)  -> (artifact id: 'eabb8b6908daa3c100db4e7f72581ad9') in 0.042968 seconds
Number of updated asset objects reloaded before import = 0
Number of asset objects unloaded after import = 2
========================================================================
Received Import Request.
  Time since last request: 1560.761389 seconds.
  path: Assets/Materials/Flame.mat
  artifactKey: Guid(f9d179a17c6fbc744acac3feca8b7560) Importer(815301076,1909f56bfc062723c751e8b465ee728b)
Start importing Assets/Materials/Flame.mat using Guid(f9d179a17c6fbc744acac3feca8b7560) Importer(815301076,1909f56bfc062723c751e8b465ee728b)  -> (artifact id: '4217885feefbfc38fd0028ac41cd0a21') in 0.081074 seconds
Number of updated asset objects reloaded before import = 0
Number of asset objects unloaded after import = 1
========================================================================
Received Import Request.
  Time since last request: 47.010058 seconds.
  path: Assets/Materials/Wall.mat
  artifactKey: Guid(6acb7739acd9b6e4db4dd51b8a5089b8) Importer(815301076,1909f56bfc062723c751e8b465ee728b)
Start importing Assets/Materials/Wall.mat using Guid(6acb7739acd9b6e4db4dd51b8a5089b8) Importer(815301076,1909f56bfc062723c751e8b465ee728b)  -> (artifact id: 'fc9439fed3fc2c9c77494c1bdb1220d3') in 0.011070 seconds
Number of updated asset objects reloaded before import = 0
Number of asset objects unloaded after import = 1
========================================================================
Received Import Request.
  Time since last request: 7.364336 seconds.
  path: Assets/Materials/Floor.mat
  artifactKey: Guid(39efb9b8f16b0fd4b973cd0fd4ea8c33) Importer(815301076,1909f56bfc062723c751e8b465ee728b)
Start importing Assets/Materials/Floor.mat using Guid(39efb9b8f16b0fd4b973cd0fd4ea8c33) Importer(815301076,1909f56bfc062723c751e8b465ee728b)  -> (artifact id: 'b6fe991d7631a22ccb157d524c99ce7d') in 0.009637 seconds
Number of updated asset objects reloaded before import = 0
Number of asset objects unloaded after import = 1
========================================================================
Received Prepare
Begin MonoManager ReloadAssembly
- Loaded All Assemblies, in  1.095 seconds
Refreshing native plugins compatible for Editor in 1.67 ms, found 3 plugins.
Native extension for UWP target not found
Native extension for WindowsStandalone target not found
[Package Manager] Server::EnsureServerProcessIsRunning -- launch failed, reason: Unity was launched with the -noUpm command-line argument
[Package Manager] UpmClient::Send -- Unable to send message (not connected to UPM process).
[Package Manager] Cannot connect to Unity Package Manager local server
Mono: successfully reloaded assembly
- Finished resetting the current domain, in 99.864 seconds
Domain Reload Profiling: 100958ms
	BeginReloadAssembly (130ms)
		ExecutionOrderSort (0ms)
		DisableScriptedObjects (4ms)
		BackupInstance (0ms)
		ReleaseScriptingObjects (0ms)
		CreateAndSetChildDomain (30ms)
	RebuildCommonClasses (29ms)
	RebuildNativeTypeToScriptingClass (10ms)
	initialDomainReloadingComplete (23ms)
	LoadAllAssembliesAndSetupDomain (902ms)
		LoadAssemblies (961ms)
		RebuildTransferFunctionScriptingTraits (0ms)
		AnalyzeDomain (10ms)
			TypeCache.Refresh (6ms)
				TypeCache.ScanAssembly (0ms)
			ScanForSourceGeneratedMonoScriptInfo (0ms)
			ResolveRequiredComponents (3ms)
	FinalizeReload (99865ms)
		ReleaseScriptCaches (0ms)
		RebuildScriptCaches (0ms)
		SetupLoadedEditorAssemblies (315ms)
			LogAssemblyErrors (0ms)
			InitializePlatformSupportModulesInManaged (6ms)
			SetLoadedEditorAssemblies (3ms)
			RefreshPlugins (0ms)
			BeforeProcessingInitializeOnLoad (46ms)
			ProcessInitializeOnLoadAttributes (239ms)
			ProcessInitializeOnLoadMethodAttributes (17ms)
			AfterProcessingInitializeOnLoad (4ms)
			EditorAssembliesLoaded (0ms)
		ExecutionOrderSort2 (0ms)
		AwakeInstancesAfterBackupRestoration (6ms)
Refreshing native plugins compatible for Editor in 1.85 ms, found 3 plugins.
Preloading 0 native plugins for Editor in 0.00 ms.
Unloading 3084 Unused Serialized files (Serialized files now loaded: 0)
Unloading 23 unused Assets / (31.1 KB). Loaded Objects now: 3598.
Memory consumption went from 128.1 MB to 128.1 MB.
Total: 2.453900 ms (FindLiveObjects: 0.238300 ms CreateObjectMapping: 0.130500 ms MarkObjects: 2.031500 ms  DeleteObjects: 0.052500 ms)

Prepare: number of updated asset objects reloaded= 0
AssetImportParameters requested are different than current active one (requested -> active):
  custom:container-demuxer-ogg: 62fdf1f143b41e24485cea50d1cbac27 -> 
  custom:video-codec-MediaFoundation-h265: 746d11721c4dcdbdad8f713fa42b33f4 -> 
  custom:video-decoder-ogg-theora: a1e56fd34408186e4bbccfd4996cb3dc -> 
  custom:framework-win-MediaFoundation: 216162199b28c13a410421893ffa2e32 -> 
  custom:CustomObjectIndexerAttribute: 6d391050e5a25f67b0a2c618074f2cd9 -> 
  custom:container-demuxer-webm: 4f35f7cbe854078d1ac9338744f61a02 -> 
  custom:container-muxer-webm: aa71ff27fc2769a1b78a27578f13a17b -> 
  custom:video-decoder-webm-vp8: 9c59270c3fd7afecdb556c50c9e8de78 -> 
  custom:SearchIndexIgnoredProperties: e643bd26f0fe6173181afceb89e7c659 -> 
  custom:AudioImporter_EditorPlatform: d09bf68614088b80899f8185d706f6e7 -> 
  custom:video-encoder-webm-vp8: eb34c28f22e8b96e1ab97ce403110664 -> 
  custom:audio-decoder-ogg-vorbis: bf7c407c2cedff20999df2af8eb42d56 -> 
  custom:audio-encoder-webm-vorbis: bf7c407c2cedff20999df2af8eb42d56 -> 
========================================================================
Received Import Request.
  Time since last request: 628.687043 seconds.
  path: Assets/Sky
  artifactKey: Guid(c31175bcc36176c4f950d7d222bd6e0b) Importer(815301076,1909f56bfc062723c751e8b465ee728b)
Start importing Assets/Sky using Guid(c31175bcc36176c4f950d7d222bd6e0b) Importer(815301076,1909f56bfc062723c751e8b465ee728b)  -> (artifact id: 'd96030b084e323bf238cadd8d51612ae') in 0.002570 seconds
Number of updated asset objects reloaded before import = 0
Number of asset objects unloaded after import = 0
========================================================================
Received Import Request.
  Time since last request: 136.631561 seconds.
  path: Assets/Materials/Sky.mat
  artifactKey: Guid(5ad883f7e4834eb40879c6ee44a0e192) Importer(815301076,1909f56bfc062723c751e8b465ee728b)
Start importing Assets/Materials/Sky.mat using Guid(5ad883f7e4834eb40879c6ee44a0e192) Importer(815301076,1909f56bfc062723c751e8b465ee728b)  -> (artifact id: 'c808dd45984c79e94672434537165e41') in 0.072834 seconds
Number of updated asset objects reloaded before import = 0
Number of asset objects unloaded after import = 1
========================================================================
Received Import Request.
  Time since last request: 37.839031 seconds.
  path: Assets/Sky/TropicalSunnyDayBack2048.png
  artifactKey: Guid(0a63a98a184aa3e4e97a586c009e20b3) Importer(815301076,1909f56bfc062723c751e8b465ee728b)
Start importing Assets/Sky/TropicalSunnyDayBack2048.png using Guid(0a63a98a184aa3e4e97a586c009e20b3) Importer(815301076,1909f56bfc062723c751e8b465ee728b)  -> (artifact id: '41b4d2ffea2bc16544e72a53fef3d5c6') in 0.028390 seconds
Number of updated asset objects reloaded before import = 0
Number of asset objects unloaded after import = 2
========================================================================
Received Import Request.
  Time since last request: 0.000015 seconds.
  path: Assets/Sky/TropicalSunnyDayLeft2048.png
  artifactKey: Guid(8813cdaa31e025c449c1522493c92919) Importer(815301076,1909f56bfc062723c751e8b465ee728b)
Start importing Assets/Sky/TropicalSunnyDayLeft2048.png using Guid(8813cdaa31e025c449c1522493c92919) Importer(815301076,1909f56bfc062723c751e8b465ee728b)  -> (artifact id: '73a6dbb6cffa88a31b8863ea3fc14bb4') in 0.052456 seconds
Number of updated asset objects reloaded before import = 0
Number of asset objects unloaded after import = 2
========================================================================
Received Import Request.
  Time since last request: 0.000015 seconds.
  path: Assets/Sky/TropicalSunnyDayRight2048.png
  artifactKey: Guid(3cff92f831645734ab8312c3d0490054) Importer(815301076,1909f56bfc062723c751e8b465ee728b)
Start importing Assets/Sky/TropicalSunnyDayRight2048.png using Guid(3cff92f831645734ab8312c3d0490054) Importer(815301076,1909f56bfc062723c751e8b465ee728b)  -> (artifact id: 'b84b82877088db9fe92063ad45516d6c') in 0.011179 seconds
Number of updated asset objects reloaded before import = 0
Number of asset objects unloaded after import = 2
========================================================================
Received Import Request.
  Time since last request: 0.000583 seconds.
  path: Assets/Sky/TropicalSunnyDayUp2048.png
  artifactKey: Guid(80d3c0ef3adc7894ba1eac55690693a3) Importer(815301076,1909f56bfc062723c751e8b465ee728b)
Start importing Assets/Sky/TropicalSunnyDayUp2048.png using Guid(80d3c0ef3adc7894ba1eac55690693a3) Importer(815301076,1909f56bfc062723c751e8b465ee728b)  -> (artifact id: '74f4f547cb1e3a63073c8780abdfb901') in 0.020301 seconds
Number of updated asset objects reloaded before import = 0
Number of asset objects unloaded after import = 2
========================================================================
Received Import Request.
  Time since last request: 512.649982 seconds.
  path: Assets/Sky/TropicalSunnyDayBack2048.png
  artifactKey: Guid(0a63a98a184aa3e4e97a586c009e20b3) Importer(815301076,1909f56bfc062723c751e8b465ee728b)
Start importing Assets/Sky/TropicalSunnyDayBack2048.png using Guid(0a63a98a184aa3e4e97a586c009e20b3) Importer(815301076,1909f56bfc062723c751e8b465ee728b)  -> (artifact id: '5ef5486aaadea46acfc22f64ebeaae6f') in 0.016174 seconds
Number of updated asset objects reloaded before import = 0
Number of asset objects unloaded after import = 2
========================================================================
Received Import Request.
  Time since last request: 0.000022 seconds.
  path: Assets/Sky/TropicalSunnyDayLeft2048.png
  artifactKey: Guid(8813cdaa31e025c449c1522493c92919) Importer(815301076,1909f56bfc062723c751e8b465ee728b)
Start importing Assets/Sky/TropicalSunnyDayLeft2048.png using Guid(8813cdaa31e025c449c1522493c92919) Importer(815301076,1909f56bfc062723c751e8b465ee728b)  -> (artifact id: 'fab1476206de74efe04eb30d16be8020') in 0.077922 seconds
Number of updated asset objects reloaded before import = 0
Number of asset objects unloaded after import = 2
========================================================================
Received Import Request.
  Time since last request: 0.000166 seconds.
  path: Assets/Sky/TropicalSunnyDayFront2048.png
  artifactKey: Guid(3515846cba2a19f4cb9d4b555a446a85) Importer(815301076,1909f56bfc062723c751e8b465ee728b)
Start importing Assets/Sky/TropicalSunnyDayFront2048.png using Guid(3515846cba2a19f4cb9d4b555a446a85) Importer(815301076,1909f56bfc062723c751e8b465ee728b)  -> (artifact id: 'c772b1f4976a30cf970d3a9d36d08428') in 0.013022 seconds
Number of updated asset objects reloaded before import = 0
Number of asset objects unloaded after import = 2
========================================================================
Received Import Request.
  Time since last request: 0.000017 seconds.
  path: Assets/Sky/TropicalSunnyDayDown2048.png
  artifactKey: Guid(41c2eb70b0e6b2f4cad9aabc28fc46a2) Importer(815301076,1909f56bfc062723c751e8b465ee728b)
Start importing Assets/Sky/TropicalSunnyDayDown2048.png using Guid(41c2eb70b0e6b2f4cad9aabc28fc46a2) Importer(815301076,1909f56bfc062723c751e8b465ee728b)  -> (artifact id: '6188aae6f39f10722d56acf87c08f189') in 0.007975 seconds
Number of updated asset objects reloaded before import = 0
Number of asset objects unloaded after import = 2
